<?xml version="1.0" encoding="UTF-8"?>
<testsuite name="LoginMenuTest" tests="1" skipped="0" failures="0" errors="0" timestamp="2021-05-03T03:27:21" hostname="DESKTOP-SLHM6JE" time="0.016">
  <properties/>
  <testcase name="InValidMenuTest()" classname="LoginMenuTest" time="0.016"/>
  <system-out><![CDATA[]]></system-out>
  <system-err><![CDATA[]]></system-err>
</testsuite>
